<?xml version="1.0" encoding="UTF-8"?>
<testng-results ignored="0" total="1" passed="1" failed="0" skipped="0">
  <reporter-output>
  </reporter-output>
  <suite started-at="2023-03-31T22:41:12 IST" name="Default suite" finished-at="2023-03-31T22:41:17 IST" duration-ms="5042">
    <groups>
    </groups>
    <test started-at="2023-03-31T22:41:12 IST" name="Default test" finished-at="2023-03-31T22:41:17 IST" duration-ms="5042">
      <class name="com.RestAssuredAPI.GetUsers">
        <test-method signature="testUsers()[pri:0, instance:com.RestAssuredAPI.GetUsers@34dc85a]" started-at="2023-03-31T22:41:12 IST" name="testUsers" finished-at="2023-03-31T22:41:17 IST" duration-ms="5008" status="PASS">
          <reporter-output>
          </reporter-output>
        </test-method> <!-- testUsers -->
      </class> <!-- com.RestAssuredAPI.GetUsers -->
    </test> <!-- Default test -->
  </suite> <!-- Default suite -->
</testng-results>
